ImagicalMine Crash Dump Wed Dec 23 23:24:18 BNT 2015

Error: Undefined class constant 'REDSTONE_UPDATE_BLOCK'
File: /src/pocketmine/block/RedstoneWire
Line: 155
Type: E_ERROR

Code:
[146] 					$down = $around->getSide(0);
[147] 					if($down instanceof Redstone)
[148] 						$this->getLevel()->setRedstoneUpdate($down,Block::REDSTONEDELAY,$type,$power);
[149] 				}
[150] 			}
[151] 		}
[152] 	}
[153] 	
[154] 	public function onRedstoneUpdate($type,$power){
[155] 		if($type == Level::REDSTONE_UPDATE_BLOCK){
[156] 			if($this->getPower()==0){
[157] 				return;
[158] 			}
[159] 			$this->BroadcastRedstoneUpdate(Level::REDSTONE_UPDATE_NORMAL,$this->getPower());
[160] 			return;
[161] 		}
[162] 		
[163] 		if($type == Level::REDSTONE_UPDATE_PLACE){
[164] 			if($this->getPower() > 1 and $power == 0){
[165] 				$this->BroadcastRedstoneUpdate(Level::REDSTONE_UPDATE_NORMAL,$this->getPower());

Backtrace:
#0 /src/pocketmine/Server(0): pocketmine\Server->crashDump(boolean)
#1 /src/pocketmine/level/Level(725): pocketmine\block\RedstoneWire->onRedstoneUpdate(boolean)
#2 /src/pocketmine/Server(2370): pocketmine\level\Level->doTick(boolean)
#3 /src/pocketmine/Server(2528): pocketmine\Server->checkTickUpdates(boolean)
#4 /src/pocketmine/Server(2250): pocketmine\Server->tick(boolean)
#5 /src/pocketmine/Server(2128): pocketmine\Server->tickProcessor(boolean)
#6 /src/pocketmine/Server(1729): pocketmine\Server->start(boolean)
#7 /src/pocketmine/PocketMine(469): pocketmine\Server->__construct(boolean)
#8 /src/pocketmine/PocketMine(0): {main}(boolean)

ImagicalMine version: 1.0dev #0 [Protocol 38; API 1.13.1]
Git commit: eb5a250341468156272a3a1f9443a798b0cc3ee4
uname -a: Windows NT AODZIP-PC 6.1 build 7601 (Windows 7 Ultimate Edition Service Pack 1) i586
PHP Version: 5.6.4
Zend version: 2.6.0
OS : WINNT, win

Loaded plugins:

----------------------REPORT THE DATA BELOW THIS LINE-----------------------

===BEGIN CRASH DUMP===
eNrVWvtv28i1/lcGcoC1L0SZpJ7WQgG8ibcNrhPrxg7Sdl0YI3IosaZILoe0rC7yv9/vnBk+JMfb
ou0vTZyA8/rOY85rZvxbr4y3qjf3RmN3Nhv541m/p4oiK3rz33rlPsdQ7+rh6vPnm8+9fm+rtJZr
6vuShiqKUxWKIJFaiyBLdSnTUvzw+er97d3Np6uHL8v3l3dXDz9d37z73x+wOIoTWnmui+A8z4JH
VW4BcL5K8H3+WYW6zFL1NS4U5iYYAVPj8bd+L0+qdZz25pFMtOr3gixUxJw3mgDtvqz/vgmzXSoW
4o0ssioNnbdrVd7GoTp1z34EojeaHkyPo1OzImbGA5VFombijOfPDuaDQLmJNcNeqyeVnJ45b7Uq
6zVf8lCWymD2fyKZ5vNaFe+vri//3H9D6uy/ybOdKixLFx0S36hn7DY9pu3Ztmn53DLfQ/7mzxF/
5tUqiQMRVWlQxlkqsvSYty4Dv/HKsYUnbdCoWCwES9cyf7CPdlmreV5Y62VJyKdni4Vr53VVXqiy
KlKWezw7krLVgwX7qchkGEh9rN5XePt08/nj5XX/BSdGzZNWqR0mJgeqnfi2xY3hP6+W5fXluysj
7mT0u2oRb4UnZBoKswOEafU0GXf09B/XAFyoLGQAp/mld+KKY/+7VcUTZrpnc9H23t+bbudtUEi9
eV9t89NVliVKpuQcJ94LmIT4OjeeMfXHR2js5Pf3XS933r4w0C4F/zVG/eH0mFemfX/PxJ23YXYX
B48HYMNXwcb+7DXBNyp4JCTDnD4AHL0K6I9f02R5zNX4VRDvVa4IZFlkAQJxVhygTV5D86b+xSto
iHxFeYAyfYGy5M+P+DwdTV4DenjgBFBUwSHc7PfgSFG/bWWcfmvX/LXfW6tUFTKhGA9sjVAG7/AG
bqieALmq4iTszV3khSIrsyDDxCGSlsxjnuYNBx6mreMSTbUaS2zIcIRkMUPY8qe+HEovuhiNhnJ6
MVu5QTBUaoQFhXxM4hXWuIPpwEVHlUpKjL2vcYqYrsWnO3F58/4vH5bO8p2YDDzBnIjpxPXEaT1p
Kr4kSKiwF3EVxhyGSUVxoMRSBo/COxPxeDYBfL7JAT4eTAZE/e8qhVA9H03XDD5kmoh/+PTpDh3c
2CELNvkQHb9AWbkswGYJPZm25g0ZQDe5KspY0bqTZdMS77I0iteCcvF9cZ+efEUGf68C4Q/xM8eP
OxY/QVTf9cY0YZuV4YJ2C3EgKudieSXMntOgIebkWVEuvAtv6FPnbhOXykliXS6yKKIemabIyIFy
8kTuMV8GmxiuulVpqRdZyki53KUO7aji5LXwJtRd2PjgBDIJqkTykFmxlc8WTy98l8kkSbZzoiRe
bxrSBlem2JLkkNY2W9Uda2hwi6piwTBRVoDVps8CbWQRBlnRtPOn3K4O4yiKwVy5X3iMxuZbZoWD
6qCM07VeUDfHKIdsarHLiiRs+7RSYWcK5ZvFz9eXd9SlUrlKlPNrpYq9pWe7ioBUYZih70GOMgzI
4eJ/+A/0UZWZo+WTsgvJrho/HOy3CZmG+Aj/o+oNVlEVrGA2DgE1iNZXnY9LNhdxt1FaiVoyIQsl
yo1CrQHbKjeyFAHtdilWCoVVkFQh7AsEXpilQbvNtlgbEcQxqpaR6osMI4UmULEqlHwU+6wqLJqI
I4EtiqOYaWB3ChhPsjfQn9SuATxHrSqxQ1rssvSHUsg8V7IQpCC4agzjSvYQQVDyNNLvNioVVb4u
ZAiAAUEagzeAc2qIk7tNoWDq6AQ3iUzXFYpjQQUqq8+6h0YRKpD/ZBL/nRVsFr+j/GLkOVwKRjZl
mev5+blKB7v4Mc5VGMtBVqzPqXV+Dd96yKKHD7c3D5PhheM/0DpWaQM1F/c9la7ve4bY140iTYoy
A1coQSCxQLhmbaM4SDV8C1rkYdYt8wte8KVK3mKEXwpjG1QwCW/6lqGNu7RkuUrnEb2pSqqGHXtq
IJZM7MCZIdMqrJm7JMcVFDHAj7DhTTzFUvwf2T1PYg9w7NgcPFeGyMntBmslnz+QQoSlZTZQWjBR
aZhnqHIYCMt5ufyAmeUmC43W2iEH7K3AXJfEFXtcjUUVHEUCAWOGrRDLq72wFsYLrIc2412lnHyN
ofoshcHJMBSF0sYuiV3K7WBL6qrg4ChgjStFusE2qF8rmdAGreMnzH2SSaXEqSWLcH3G8IYmooOi
oOxgh9drVcyFiZDi5FO1XUH/cLlLvU+DO6kf4RPFI5xsYGZ8wcaw9dbi0rxNkSGEw1QwX/cFBzBh
Ax0Mug+FbKFBTcmaFbRTK+rbVim8i6ZY9Fs2JsgFFyyyZ86UUAXEYkdIG/ZIwzVLHyLyZJpEHtsX
cfkDdFgWvC5UlDLYQo9Wi1NIgZ0XvtENS+JYaeeMVfs1xfpib736D0m2gqp1FpXCDMA2t3FJcWyr
1nK1RzU4ELeGJZeZiDVteR0VIN8uZhZZ/YLykkGqd0SzliKUwfgQiPspg0WIJzVNYxIQq2KDXmeQ
KCPnIf0xpTUz6jBzc+HWwogTjuklgpMM/wvEoArwHwhB2fffFAJ1RM582ADX8GXxtIDbUQ5VYcsV
0a1Z81x/1HK3VEWccWojr9VEmA8MNZeNZ3ogiOAUGhvkOQ68RtU+aZNBliL4waOhS4oor6naqBgl
VsJ5gmKDmWbQDQo8tfX8OowZOjcUeChv8qLBywWkCBO/Qqg1VwGlV82KIq6N3s3aRhToVuW6FXno
Wpn12StsWQ0MWw2sZbGCfTio5xNTAhpv/K6m2eCIJbtK2FXw961MK07nXW5Q8FSwk7N+HUdeGIq1
FBOXo6iOKNvWBgfixmRQbsFaNlmVhA0rMeLOLhUt+8a2Rc7cQ9SJ67bSipOf2WdexFa2I4PRCBcV
2bYO0ma1neF0I9rRTkMgu6EvzeQ71nW0morrYFOlj7rehWv2Egqt3E18Jhk8E/IJU4b32a0LFDva
THKo0qDqqUUzYLURWMe6mHS4fp+Zxcdbay606qWHOIaanfgf1QMnOhw+YOu1JqzV1ERpqFMr/ENI
+peqkvasU0TCmBKTdVeyxOmIyiBJtTeSLSzQRjl2XlMq21ET2laqyb82eJ10A2I9RsGj2JeE3heO
13EBk2eZtFPW7CBAjSd1dGqzOx9SKK2GJoTaTTar0Wk5G4g/4hxGt1yo0WHq75Zf+lgLLlaIY7s4
LDcmI9gI0RBwmMBcTJtypC1VNKuoM3kgLkP44kYm0TmOIKaCChXs0RIDWWOnWdp15k490EE7qNOu
nsl1qQyTSd8EBiJuD/oDAbNS7AZUYXxZpsu6PmlPFFSC0aIdsgiDVnmaO7bjsC7kg6RaVet5U/K8
FR6VOjZ7UZXLE+oKV3NE3Ki68jXVv9Gd53YLVy3OdSnLCrZ0vg5qfSNQhvqIg/o8enTIUXV1S8JA
PHPQ48nWAkkHbA0BtFtaI7SLHLNoLrYYXDfHH0hIfkGlYwq7hC1znJMHNBCS6TBZdliAlsuXHLFz
2309+XRzdzUXHNDxE1Q4F6Y4FzJUvM0TLq4tk5Z6w2THAi4PNjPAwQfhyErNhsa5D/yQYZVkXL5r
cxRFRZMCjaXRSZxGbN5rwsXhQB0Q62L9ljychF1JrTokTz141Xdo9YWPAe97A6oMBmfWy7Xq8uLZ
XSZ0OhXaOxWhENkMTao5zO7yabw9plP04KMblXImhshkJ/fa4FukIxs7SA3WxC63WZV2s4u2hWTN
DIlCmOaMg5BPjbkY/d5y8wxk5DA4x6lNeBf+KwhsfakyR+KVMogrFVEo4/sjCnm0NR1kc6/UiZ91
+LyVT8j1VHjGdAdAb2ZZvrf3HjbdNXUVR5lI6pI1zVpqImFUJTwx0zBnh5w6DkyO4hNkQdcMMBkA
14r7W0ZHOONBWm7JirY25FLmajTxnS0iFbdb9FE+C3mspdxcRKuwtZbjHbKm/FmGcaU7S+3uSMsp
u3W93FonrUDhZAIbXeo5lbmJ73ppkChpiPGV42GyNYK059RWlsFLYWw43cmYryF+rVSl7O5bBBsy
eMTR2Mi5mP2LiHmWV0mDaFuU/V6A0z/2ZwdaNQKY60yH7U2Tjo2St3QDT/dNtt9rQgxdAs5FXYHW
W08X7lWO+qstTI0Jcxiq6x2LCrypWW3JE4Gx6dhJItt02165XcXwmnoa39BSuDNXE/M6xNFtCj0x
CdNvUrw1rNr27YGkEzjJMxy69Trua5LXUX++yeM0yrqms8nIXpj4oHMxiuqs4TfN0v2Wzi3saxr7
oDuM05HMThDtBBYAdiqFXK+R8ewNSXMTRUUtvcc9vi6d4Ywg9WuckSaNO1ijeIkCazIz5vU2Falj
q4Vuycr9WX5wq/aOLlz5zk8lWU75so82ZKJrzbKtGVE6RSj6FTYD+TGl4oOmNSm+oj2El3eAhH3U
6RQ3FepkXZoUWwdWi2d20EyoaegXqtrtdq8pKomR8Opdu3qWlP/rJlVVoGUZmtec2UE4DV0azMUv
9Okg1fX5FuGvNbaJvG2Z1L3CZsHqA5E5q9bvAnwI/d6dOJ/wOaNqrmZIFVsUOTFYtoXHgRiWMrNh
vwU9JlBIsKmxpToX9KYw93+c9scXz15/+Dzs+z96P4aoEEx0PC0LhQZi2GLmijX8QpvWaHxm3w/U
c6lSUpGm17l3yIadN6xVgGpp0/6ehkzgI7JoO8yvk9gWGWZnMZLXuhmL4gR2zW9xnscPYlGZN6Mb
OKx5EcRATAVcM/Q3bR8LfX4ERMW5z8tm9HZ5zZg+PaiFq6AByYOiZeyziuyBE+NvPkCbK18OXXc8
m8xmMhjP3GDlz2bDYOTjP+8iCl3luuF4OBZvevQAp82TpYWjXy6BFsKOrNu9/jXh9z77JcYDktSB
lwiHnt58d+wO8cnko+F0qOQ4DMfj4Ww68UbuRM5c35ej1UwOp6ORN1v5I1cx+TJ7VCmyh9UePS3G
uXkY9c1Lo3nl9FlwfD/TO1C9J9mWhlx36Hn+BcaX72+MkgYj8/q63NCG0mrW4i2X03/6eN1Q24Xh
c4PXxcY3nbw6jKFnV8Rlp+erko8IKGaTBvRKiuK9hWBtxc1sapRqaJ5sHcOf5iCg2yUr88rRdOwl
v3tBHYyR2+scK5NHSsHh6CHMSgSRhtTW2JzF+AslrZslp1FMmZJ6iP7PVyQVn9IYj0T49u3/AT5w
BpA=
===END CRASH DUMP===
