PocketMine-MP Crash Dump Wed Dec 9 22:12:18 BNT 2015

Error: Maximum function nesting level of '100' reached, aborting!
File: /src/pocketmine/math/Vector3
Line: 42
Type: E_ERROR

Code:
[33] 	const SIDE_NORTH = 2;
[34] 	const SIDE_SOUTH = 3;
[35] 	const SIDE_WEST = 4;
[36] 	const SIDE_EAST = 5;
[37] 
[38] 	public $x;
[39] 	public $y;
[40] 	public $z;
[41] 
[42] 	public function __construct($x = 0, $y = 0, $z = 0){
[43] 		$this->x = $x;
[44] 		$this->y = $y;
[45] 		$this->z = $z;
[46] 	}
[47] 
[48] 	public function getX(){
[49] 		return $this->x;
[50] 	}
[51] 
[52] 	public function getY(){

Backtrace:
#0 /src/pocketmine/Server(0): pocketmine\Server->crashDump(boolean)
#1 /src/pocketmine/block/Block(1131): pocketmine\math\Vector3->getSide(boolean)
#2 /src/pocketmine/block/Block(807): pocketmine\block\Block->getSide(boolean)
#3 /src/pocketmine/block/Block(809): pocketmine\block\Block->onUpdate(boolean)
#4 /src/pocketmine/block/Block(809): pocketmine\block\Block->onUpdate(boolean)
#5 /src/pocketmine/block/Block(809): pocketmine\block\Block->onUpdate(boolean)
#6 /src/pocketmine/block/Block(809): pocketmine\block\Block->onUpdate(boolean)
#7 /src/pocketmine/block/Block(809): pocketmine\block\Block->onUpdate(boolean)
#8 /src/pocketmine/block/Block(809): pocketmine\block\Block->onUpdate(boolean)
#9 /src/pocketmine/block/Block(809): pocketmine\block\Block->onUpdate(boolean)
#10 /src/pocketmine/block/Block(809): pocketmine\block\Block->onUpdate(boolean)
#11 /src/pocketmine/block/Block(809): pocketmine\block\Block->onUpdate(boolean)
#12 /src/pocketmine/block/Block(809): pocketmine\block\Block->onUpdate(boolean)
#13 /src/pocketmine/block/Block(809): pocketmine\block\Block->onUpdate(boolean)
#14 /src/pocketmine/block/Block(809): pocketmine\block\Block->onUpdate(boolean)
#15 /src/pocketmine/block/Block(809): pocketmine\block\Block->onUpdate(boolean)
#16 /src/pocketmine/block/Block(809): pocketmine\block\Block->onUpdate(boolean)
#17 /src/pocketmine/block/Block(809): pocketmine\block\Block->onUpdate(boolean)
#18 /src/pocketmine/block/Block(809): pocketmine\block\Block->onUpdate(boolean)
#19 /src/pocketmine/block/Block(809): pocketmine\block\Block->onUpdate(boolean)
#20 /src/pocketmine/block/Block(809): pocketmine\block\Block->onUpdate(boolean)
#21 /src/pocketmine/block/Block(809): pocketmine\block\Block->onUpdate(boolean)
#22 /src/pocketmine/block/Block(809): pocketmine\block\Block->onUpdate(boolean)
#23 /src/pocketmine/block/Block(809): pocketmine\block\Block->onUpdate(boolean)
#24 /src/pocketmine/block/Block(809): pocketmine\block\Block->onUpdate(boolean)
#25 /src/pocketmine/block/Block(809): pocketmine\block\Block->onUpdate(boolean)
#26 /src/pocketmine/block/Block(809): pocketmine\block\Block->onUpdate(boolean)
#27 /src/pocketmine/block/Block(809): pocketmine\block\Block->onUpdate(boolean)
#28 /src/pocketmine/block/Block(809): pocketmine\block\Block->onUpdate(boolean)
#29 /src/pocketmine/block/Block(809): pocketmine\block\Block->onUpdate(boolean)
#30 /src/pocketmine/block/Block(809): pocketmine\block\Block->onUpdate(boolean)
#31 /src/pocketmine/block/Block(809): pocketmine\block\Block->onUpdate(boolean)
#32 /src/pocketmine/block/Block(809): pocketmine\block\Block->onUpdate(boolean)
#33 /src/pocketmine/block/Block(809): pocketmine\block\Block->onUpdate(boolean)
#34 /src/pocketmine/block/Block(809): pocketmine\block\Block->onUpdate(boolean)
#35 /src/pocketmine/block/Block(809): pocketmine\block\Block->onUpdate(boolean)
#36 /src/pocketmine/block/Block(809): pocketmine\block\Block->onUpdate(boolean)
#37 /src/pocketmine/block/Block(809): pocketmine\block\Block->onUpdate(boolean)
#38 /src/pocketmine/block/Block(809): pocketmine\block\Block->onUpdate(boolean)
#39 /src/pocketmine/block/Block(809): pocketmine\block\Block->onUpdate(boolean)
#40 /src/pocketmine/block/Block(809): pocketmine\block\Block->onUpdate(boolean)
#41 /src/pocketmine/block/Block(809): pocketmine\block\Block->onUpdate(boolean)
#42 /src/pocketmine/block/Block(809): pocketmine\block\Block->onUpdate(boolean)
#43 /src/pocketmine/block/Block(809): pocketmine\block\Block->onUpdate(boolean)
#44 /src/pocketmine/block/Block(809): pocketmine\block\Block->onUpdate(boolean)
#45 /src/pocketmine/block/Block(809): pocketmine\block\Block->onUpdate(boolean)
#46 /src/pocketmine/block/Block(809): pocketmine\block\Block->onUpdate(boolean)
#47 /src/pocketmine/block/Block(809): pocketmine\block\Block->onUpdate(boolean)
#48 /src/pocketmine/block/Block(809): pocketmine\block\Block->onUpdate(boolean)
#49 /src/pocketmine/block/Block(809): pocketmine\block\Block->onUpdate(boolean)
#50 /src/pocketmine/block/Block(809): pocketmine\block\Block->onUpdate(boolean)
#51 /src/pocketmine/block/Block(809): pocketmine\block\Block->onUpdate(boolean)
#52 /src/pocketmine/block/Block(809): pocketmine\block\Block->onUpdate(boolean)
#53 /src/pocketmine/block/Block(809): pocketmine\block\Block->onUpdate(boolean)
#54 /src/pocketmine/block/Block(809): pocketmine\block\Block->onUpdate(boolean)
#55 /src/pocketmine/block/Block(809): pocketmine\block\Block->onUpdate(boolean)
#56 /src/pocketmine/block/Block(809): pocketmine\block\Block->onUpdate(boolean)
#57 /src/pocketmine/block/Block(809): pocketmine\block\Block->onUpdate(boolean)
#58 /src/pocketmine/block/Block(809): pocketmine\block\Block->onUpdate(boolean)
#59 /src/pocketmine/block/Block(809): pocketmine\block\Block->onUpdate(boolean)
#60 /src/pocketmine/block/Block(809): pocketmine\block\Block->onUpdate(boolean)
#61 /src/pocketmine/block/Block(809): pocketmine\block\Block->onUpdate(boolean)
#62 /src/pocketmine/block/Block(809): pocketmine\block\Block->onUpdate(boolean)
#63 /src/pocketmine/block/Block(809): pocketmine\block\Block->onUpdate(boolean)
#64 /src/pocketmine/block/Block(809): pocketmine\block\Block->onUpdate(boolean)
#65 /src/pocketmine/block/Block(809): pocketmine\block\Block->onUpdate(boolean)
#66 /src/pocketmine/block/Block(809): pocketmine\block\Block->onUpdate(boolean)
#67 /src/pocketmine/block/Block(809): pocketmine\block\Block->onUpdate(boolean)
#68 /src/pocketmine/block/Block(809): pocketmine\block\Block->onUpdate(boolean)
#69 /src/pocketmine/block/Block(809): pocketmine\block\Block->onUpdate(boolean)
#70 /src/pocketmine/block/Block(809): pocketmine\block\Block->onUpdate(boolean)
#71 /src/pocketmine/block/Block(809): pocketmine\block\Block->onUpdate(boolean)
#72 /src/pocketmine/block/Block(809): pocketmine\block\Block->onUpdate(boolean)
#73 /src/pocketmine/block/Block(809): pocketmine\block\Block->onUpdate(boolean)
#74 /src/pocketmine/block/Block(809): pocketmine\block\Block->onUpdate(boolean)
#75 /src/pocketmine/block/Block(809): pocketmine\block\Block->onUpdate(boolean)
#76 /src/pocketmine/block/Block(809): pocketmine\block\Block->onUpdate(boolean)
#77 /src/pocketmine/block/Block(809): pocketmine\block\Block->onUpdate(boolean)
#78 /src/pocketmine/block/Block(809): pocketmine\block\Block->onUpdate(boolean)
#79 /src/pocketmine/block/Block(809): pocketmine\block\Block->onUpdate(boolean)
#80 /src/pocketmine/block/Block(809): pocketmine\block\Block->onUpdate(boolean)
#81 /src/pocketmine/block/Block(809): pocketmine\block\Block->onUpdate(boolean)
#82 /src/pocketmine/block/Block(809): pocketmine\block\Block->onUpdate(boolean)
#83 /src/pocketmine/block/Block(809): pocketmine\block\Block->onUpdate(boolean)
#84 /src/pocketmine/block/Block(809): pocketmine\block\Block->onUpdate(boolean)
#85 /src/pocketmine/block/Block(809): pocketmine\block\Block->onUpdate(boolean)
#86 /src/pocketmine/block/Block(809): pocketmine\block\Block->onUpdate(boolean)
#87 /src/pocketmine/block/Block(809): pocketmine\block\Block->onUpdate(boolean)
#88 /src/pocketmine/level/Level(1763): pocketmine\block\Block->onUpdate(boolean)
#89 /src/pocketmine/Player(2100): pocketmine\level\Level->useItemOn(boolean)
#90 /src/pocketmine/network/RakLibInterface(145): pocketmine\Player->handleDataPacket(boolean)
#91 /src/raklib/server/ServerHandler(90): pocketmine\network\RakLibInterface->handleEncapsulated(boolean)
#92 /src/pocketmine/network/RakLibInterface(86): raklib\server\ServerHandler->handlePacket(boolean)
#93 /src/pocketmine/network/Network(164): pocketmine\network\RakLibInterface->process(boolean)
#94 /src/pocketmine/Server(2524): pocketmine\network\Network->processInterfaces(boolean)
#95 /src/pocketmine/Server(2258): pocketmine\Server->tick(boolean)
#96 /src/pocketmine/Server(2136): pocketmine\Server->tickProcessor(boolean)
#97 /src/pocketmine/Server(1737): pocketmine\Server->start(boolean)
#98 /src/pocketmine/PocketMine(469): pocketmine\Server->__construct(boolean)
#99 /src/pocketmine/PocketMine(0): {main}(boolean)

PocketMine-MP version: 1.6dev #0 [Protocol 38; API 1.13.0]
Git commit: 742b72a783f5d2da4a79b33a1ced4bd58ea717ab
uname -a: Windows NT AODZIP-PC 6.1 build 7601 (Windows 7 Ultimate Edition Service Pack 1) i586
PHP Version: 5.6.4
Zend version: 2.6.0
OS : WINNT, win

Loaded plugins:
DevTools 1.10.0 by PocketMine Team for API(s) 1.3.1

----------------------REPORT THE DATA BELOW THIS LINE-----------------------

===BEGIN CRASH DUMP===
eNrVXHtz20aS/ypzlKsiXxEUXnyIKblKaykbV9kWz5LPextuqQbAkMQKr2AGopiUv/t19wxAkLKS
rT3PH5dKbGAe/Zr+dffMgPl9oNJcDOZeGJ5Ppm4QzIYDUddlPZj/PlC7CroG1/fXnz7dfBoMB7mQ
kq+x7QN/SvMmZ6umiFVaFqwQUqXFmmXiUWSsXLEfPNf9gdWCxxuRDBmPyhoH/AeQWaUZ0jiTdXxW
lfGDUHlaiLOcq83Zf4tYlXUAozJoG8xD/+twUGXNOi0G8xXPpBgO4jIRKF8QAJWlistCKnb77ur6
/uPNp7uf2QXzfwQCQXjcfXvzmboD6h4fd3+5vr2D3pB6J8e915fUO6beKfTi3zMaVTVRlsbs1RP1
nR+07bAtdA/afqM2T9MI/X5fZ9D7e+JdN7E6ffUEjN0hEDN//4Z/v/4dZ2sbLNUrtUml8wZHajnC
8LAH5xppxoc9SM3IpLX+io9GxXD2TfHWQv3tVEtwbqjVQjV1wVpBkN7Y7eiNjbpj/yV6/4P0YLVV
zWNY318GJy479pFbUT+K+tR9PWf71uVSNztv4prLzVWTV6dRWWaCF6+B44n3jEyUwfPZX/DPU88L
vCNy6InLpXFF5w3Idpsm4oCm/4c0Z+70iCT1LpfU/W2KwZ9QPP9DimXxuUq4OiQZfn+S4+9PcvL9
SU6/P8nZ9yd5/v1Jeq4Fmp4Fmr4FmhYQ5FmAkGcBQ54FEHkWUORZgJFnAUe+BRz5FnDkW8CRbwFH
vgUc+RZw5FvAkW8BR74FHPkWcBRYwFFgAUeBBRwFFnAUWMBRYAFHgQUcBRZwFFjAUWABR6EFHIUW
cBRawFFoY2dkAUehBRyFFnAUWsBRaAFHoQUcjS3gaGwBR2MLOBpbwNHYxhGDBRyNLeBobAFHYws4
GlvA0cQCjiYWcDSxgKOJBRxNLOBoYuOszgKOJhZwNLGAo4kFHE0t4GhqAUdTCziaWsDR1AKOphZw
NLVx6G0BR1MLOJpawNHMAo5mFnA0s4CjmQUczSzgaGYBRzMLOJrZuD16jiO6KT97j3+eetNJ8G8Q
fQ6kRcZ3oj71Pff4ipTYLZfEz3nTSPFOifymOLyQeo6iQqhtWT+cfeIP79PoXaFEveKxOPXC8RED
zdp5s+FFkokrrviCY+8hB4Opmj9kaXQm6d7W3Or+TBPr0/Nj0Y0My+WREC2v6yLmlWwysE9yyM3/
l/WZTYCplmq51GK118pGrpbbt7QKXuTzUf996k3Cf1mrqi5jIeUhi/Clu3B/7L9I2nDvSHZMjoiP
XyTuj2cv3LWrFMBwQGXyIhUvmPwBlYUWrqwPyU1fIudNg+kL5KTi9dHaPEfegh4/wONpODl/gVL/
+4sDeud/RA9d9/ecp8XX/aR/DAdrUYiaZ/jRChCXaVkM5gNvNEnEI9CMmjRLBnN3OIBlUmVcwkD8
EIdXKQ3zgpELw9apgtdp6EdTn09nwWqc+AkP+fQ8CgLuxSIJo2Q8E3zqTXkEE7Q7wxx3NCUKTcHx
Y5/Bl7RIyq1kH+/Y5c3V398tnMVbNhl5jCRh04nrsdN20JR9zlSaA7jYdZLSxxpoozQWDKHAvNcs
Hc8mQL7aVEB8PJqMQnj7TRSg1MCHV1d33pcSmb/7+PEOGuhlmxaD7gMfifa5Eo93YDl6NuJ2TcMD
63kuEeaN2pS1xA9G9gvB7gTP0fJkw19gdDDy8F0UPMoECAYrK4aDRFQgJk6GPlmu1FW/AReyx3+5
7EmSlRzVu727/HT3eQENWxHJVKG8G6UqOT87gwXbNNEoLvOei5x1NL6i4rwGHQGUrQjkfSPwg0rU
KhVoo5NF98belsUqXTP8gmpZL4uTLyJhVyJm58z3554/d2fsL7CqvuuNsT8vVXKBXOOar9ScLa6Z
9m/s1LycqqzVhXfuBT42bjegg5OlUl2UqxW28KIomwLiUqUDPI83KSSRXBRKXpQFUar4tnDQeQV9
zXPhTYg7fzKT5IXvEq0sK7fOKkvXm46+nswLcLHskGBeRm3DGqyUl4m4IDKrsgZ5ujZDaMPrJC7r
7r16rMzsJF2t0rjJ1O7CI2oER1XWjhQKv0qTF9hMKdJBp7uAqJkl+zYpRNIbgh/GXVxd/3T5+f0d
tmqncn5tRL0zLE1TDUGklQefRxWXEognF/9J/4BJGlU6kj8KMxGh0oWW0S7P0APYB/BEFtPiNyA5
ghB9gIEl2N63nA8L8gp2txFSsFY5xmvB1EawsgAXUhuuWIyrqlgkWFrEWZOAGwGDZ96nqd2WucBP
+tRzqpKvxJCV0FNLJMqiWvAHtiub2lBj6YrBKqWrlHjAAtXgJNlOk/4oth3Bs0SsOCySZNuy+EEx
XlWC1wwNBNEnjcF5dqACw+/LtPbbjShYU61rngCBEZLUjq0JzvGFndxtagEuDY0gTcaLdcPXguFH
hGQ+AwOZwjsUWzxLfyMD68lvNyI2+hxOBUFanItitE0f0kokKR+V9foM387eA4buy9X9u9ub+0lw
7vj3OI9M2pGasyVEpPVyoJl92Qi0JFMlSFUkDDRmkILI2qrmhaQSR3eTbUlekAWehKIlhoyCkVmX
KtiSE2mNmD1b+pKSeuSmURDnAW36404USccIFmelFEkr3CVil2FkwO88TcRmjyln/4V+T4MIAY7p
mzOMsXry7QbmcvRgCVmRGV56AbkhxqAolaBABQ5Cel4u3sFIiO6Jttq+ywHxIhCuz+KaENfSAv0Z
BgMGzgy+giJHO2Y8jCYYhHb9faOcfEnB9GUBDseThNVCar9EcbFiAbG4bGoKggy8MRJoG1gG8WvD
M1ygdfoIYx951gh2athCWH5N5DVPiA4Cg68DK7xei3rOdJBkJx+bPAL7A+Qu5a6I77h8YFjHAchG
esRnWBjy3lZdHLepSwjV4CowXg4ZxTBmYh049BAMkoMFJWZQMhCkLGzLmwLQhUMM9VtyJtALIFiX
T5T8wRSgFgGh6MRDC7civVshknEQInbIUvUD2FDVNC8RmBrIQ49ms1PQAlae+do2pIljtJ0TrRbX
GO7rnUH1X7MyAlNjzma6A3wzTxXGsVysebRTIBq71SK5JEQqccnbqAD6bVMSkczPMDVpSu2KSLLS
KgU3gtAGob8gYiuIJy1P7RKgVkMOvS5BoxLBg/YjTmsS1CHh5sxtlWEnFNMVBCee/D9QA2uhP1EC
E/D/UQmpyorkMAGuk8vQkwxghzlUJHupkG8rmuf64V66hajTklIbolYi45gCupGyQ6YHDCE4JdoH
aYwDqBEtJk0yKAsIfoBosCV97P6CqbWJoZTKKE9gbNDDNHVNBZC6R34bxjSfGww8mDdp0uj5BDSE
qWTBrJWIMb1KMhRKre2u53aqgG1FJfcqB67RWb5+QSxjgWBvgTWvI/APB7YomS71NBq/aWlyOBTJ
zGJmFuA950VD6bwvDRQ8DfjJ62EbR545ivEUHZdXqzai5HsfHLEbnUHpDbxlUzZZ0omSQtzZFmwv
vvZtVpH0oOrEdffaspOfCDPPYiv5kabRKbeqy7wN0nq2GeH0I9rRSoNCZkGfu8k3vOtoNtbX8aYp
HmS7Cu8JJRhaqRnlxH0K6sd0JT4kWNdQ7Eg9yMFKA6unPTVNrHUCA6zzSU/qq1JPPl5aTCxYoemp
h3Q0NzPwu9qBEp0T4y9NWksYr2mZYlevVvhTkvifOUTpFZHgTJnOuhFXsAvCMogOgyDZggeaKEfg
1aWy6dWhLRJd/jXB66QfENs+DB71TiH1IXO8HgR0niXWjmrFgQA1nrTRaZ/d9c9wGqwSKISaRdaz
odFINmI/w1YMzH4BNTq4+tvF5yHMBSkiiGPbNFEbnRFMhOgYOMRgzqZdObIvVSSZqDd4xC4TwOKG
Z6sz2ILoCioR4I+GGbDVfloWfTD36oEetYM67foJoYtlGM+GOjAgc3N2MWLgVoJggBXG50WxaOuT
/Y4CSzCctIUsQkSbqqgc03BYF9JeUkTNet6VPG+Yh6WOyV5Y5dKAtsKVFBE3oq18dfWvbee5/cJV
sjOpuGrAl87WcWtvCJSJPJKg3ZIebXJEW92iMqCe3ujRYOOBaAPyhhisq4wTmkmOnjRnOXSuu+0P
aEgHJSg/+CX4MsU5fsADQjJuJlVPBLCyei4Rgdus68nHm7vrOaOADv/GDewLC9gXEqk0rzIqro2Q
hnsnZM8DLg8WM4aND4QjozU5GuU+kAcdS6Fz+a7JURgVdQrUnoY7cewxea8LF4cdbUBsi/VbRDgq
G3EpeixPPfwh2nNeQ+ZDh/etDqHi0WuDcin6snhmlZE67grNsQrDn9dpnlhz6NWl3fh+m47Rg7Zu
WMrpGMKzLd9JTd9QOvKxg9RgXOwyL5uin12kKSRbYVAVpKn3OBDy8WXOwj+azmtoTbQems5xamPe
uf8CBfK+QugtcSQ0xUisMJTRERKGPFyaHmV9tNSLn234vOWPkOux8EzxDEDg/rHamXMPk+66uoqi
zIpLRZYmK3WRcNVkNLCU4M4OgjqNdY6iHWSNxwzgMkC4Ndw/S9zCaQRJnqMX5SbkYubqLPGNJUIT
75foA39i/NhK5uxfJHtvOV4h48qfeJI2sjfVrA43khKs2+nGO3EGFE46sOG5ntPQTVVfXBZngmtm
dLR4mGy1Ivt96l6X0XNlTDjd8pSOIX5tRCPM6hsKJmRQjyNhIeds9m9SrMpK3yppe+k3zH7PiON/
hGcHrKoV0CeaDvmbRBtrI+d4q4DnTabd60IMHgLOWVuBtkuPdwhNBfXXvjDVLkxhqK13DFWgN9Wz
DXtkMNYNW45su2bTyvMoBdS0w+iQFsOdPpqYtyEOT1Pwt5VMt+sUbxyr9X2zIekFTkSGg6dex21d
8jpqrzZVWqzKvutsSvQXYj7qHYxCddbJW5TFLsd9C2FNwjrInuC4JTMD2H4AKQB+yhlfryHjmROS
7iQKi1r8IerDy9ppyZCkfEkytKSGg3GK51TAm/SIebtMdeGYaqFfslJ7WR2cqr3FA1c68xNZWWG+
HMI76ITHmmpfM0LptIKiX8BiQH4ssPjAYV2Kb3ANAeU9QszctPSKmwbqZKl0im0Dq6GnV1APaHnI
Z6babrcvGSpLIeG1q3b9xDH/t69YVQEvI9C8lcx0Amjw0GDOfsFHB1LdkE4R/tHS1pF3Xyb1j7BJ
sXZDpPeq7dUAbUK/dSZOO3zKqJKqGTRFDkVOCiKbwuNADcOZxDDPDO8TMCSY1LjnOmc/vb+8m/s/
Tofj8ydvGDwFQ/9H78cEKgQdHU9VLeAFYtjFzGVrwIXUb+H4tbk/EE9KFGgiukR7C9mwdy0Xxfjr
5v1v6XkGGOH1vkH/6t+8oWP2JkPyWnd9qzQDv6brRc+jq7iVqrreDQCWrumwI8UCruv6pzQ3eP7I
w/+rQFzvKtX13i7eE00f7wiTKO6IVHG9F+yTWJkNJ/S/egfWjHweuO54NpnNeDyeuXHkz2ZBHPrw
h3e+Slzhusk4GLNXA7xnk/oe0ZADtKAVkp6u+U7+mtEVpnli4xFq6gBKmINXbL47dgN4JParYBoI
Pk6S8TiYTSde6E74zPV9HkYzHkzD0JtFfugKYq/KB1FA9jDWw9vStNKXmr6+PNUXtz4pDs9PeA/U
rkmZY5frBp7nn0P/4upGG2kU6gvlxQYXFGeTFW+pnP7bh/cdt22SPHX0+rThGXdePcGgZVunqtfy
RfAHCCh6kUZ48QvF+54EWSvtRuOLEoG+hXa0fJKCgNxPifQtR9ew43TvBeYgGpU5zjE6eWgU2Bzd
J6WCINKxyrXPGRp/x6R1s6A0ivfmaB7k/9M1akW7NKKHKnz9+r9Z6UDV
===END CRASH DUMP===
