ImagicalMine Crash Dump Thu Dec 24 17:15:55 BNT 2015

Error: Undefined class constant 'Air'
File: /src/pocketmine/block/Block
Line: 999
Type: E_ERROR

Code:
[990] 		if($this instanceof RedstoneTools and ($this->getSide(0)->getPower()>0 or $this->getSide(1)->getPower()>0)){
[991] 				return true;
[992] 		}
[993] 		for($side = 2; $side <= 5; $side++){
[994] 			$around=$this->getSide($side);
[995] 			if($this instanceof RedstoneTools and $around instanceof RedstoneSourc){
[996] 				return true;
[997] 			}
[998] 			$around_back=$around->getSide($side);
[999] 			if($around->getPower()>0 and ($around_back instanceof RedstoneSourc or $around_back instanceof RedstoneTrans or ($around_back->id==self::Air and $around_back->getSide(0) instanceof RedstoneTrans))){
[1000] 				if($around_back instanceof RedstoneSourc){
[1001] 					$Rcount=1;
[1002] 				}
[1003] 				if($around_back instanceof RedstoneTrans){
[1004] 					$Rcount=0;
[1005] 				}
[1006] 				for($side2 = 2; $side2 <= 5 ; $side2++){
[1007] 					$around2 = $around->getSide($side2);
[1008] 					if($around2 instanceof RedstoneTrans){
[1009] 						$Rcount++;

Backtrace:
#0 /src/pocketmine/Server(0): pocketmine\Server->crashDump(boolean)
#1 /src/pocketmine/block/RedstoneLamp(50): pocketmine\block\Block->isCharged(boolean)
#2 /src/pocketmine/level/Level(725): pocketmine\block\RedstoneLamp->onRedstoneUpdate(boolean)
#3 /src/pocketmine/Server(2371): pocketmine\level\Level->doTick(boolean)
#4 /src/pocketmine/Server(2529): pocketmine\Server->checkTickUpdates(boolean)
#5 /src/pocketmine/Server(2251): pocketmine\Server->tick(boolean)
#6 /src/pocketmine/Server(2129): pocketmine\Server->tickProcessor(boolean)
#7 /src/pocketmine/Server(1730): pocketmine\Server->start(boolean)
#8 /src/pocketmine/PocketMine(469): pocketmine\Server->__construct(boolean)
#9 /src/pocketmine/PocketMine(0): {main}(boolean)

ImagicalMine version: 1.0dev #0 [Protocol 38; API 1.13.1]
Git commit: 32a28b4d1ef5166a76518c0fcc255b677260790f
uname -a: Windows NT AODZIP-PC 6.1 build 7601 (Windows 7 Ultimate Edition Service Pack 1) i586
PHP Version: 5.6.4
Zend version: 2.6.0
OS : WINNT, win

Loaded plugins:

----------------------REPORT THE DATA BELOW THIS LINE-----------------------

===BEGIN CRASH DUMP===
eNrVWvlv20iW/lcKcoC2p0WZpG5lFSCTuGcC5PDGDnox7YFRIosSxxTJZpGWNY387/u9V8VDstW9
uzO/bB+BWMc7v3dUVX7rlfFW9RbeaOzOR7PxeNzvqaLIit7it165zzHVu7q/+vr1y9dev7dVWss1
jX1LQxXFqQpFkEitRZClupRpKX54Gxc/YGkUJ7TuUhfBZZ4FD6rcYvnlKsHvyz/Tn1iUYKi3mM/n
3/u9PKnWcdpbRDLRqt8LslCRDPO5CzJ35V0ZR+evyk2sRcysApVF4qsKdZml6jbLEi1kGgqzxnmz
VuVNHKpz94J/X2c7VZxfvHFFVoijJd7RkouL3yDbfO5ZxvRvocqqSEVZVOo1T/p28jt/De1XlBXn
rzSIiqXwXwvz8z+WYmx///ijpT1qaL+SRVal4fJIKF5+YXiNm8X/MxtYki8tusmqIrAyTH5Pv2kz
aTScHQt8v5LBw9J+vCz3/EDuzsrWG8ZlHYonhWbH/cHC20KmmhYekHTexOFyqVUSLRZAZ9dEdr4F
y0mqFwYVnuu6HbO1ev2+8PXeLqRgya8BtpZL77WZ9Tuz383Q8H/HzIhqmY1eZOZaZuPnzLqAaJDs
d6DsM5ZF/WXRjJ3TQ1ZGStr5Mj78CyvE7GBfq6D/h8rND3Y26v344+sekklZyADp45femSuOU9CN
Kh6BPvdiIdrRuzsz7LwJCqk376ttfr5CQCmZXoDhmSdezmS1bB8lNoyPafKauztOd0ChfreRxVqF
B5T9Z5QT9aiSy4/05/nUH79Ms8vYeZOl9fe3PJSlOuAwPGUCfzj1jqgz77s7Zu68CbPbOHg4IDY6
SWzsz0+ZdKOCB6JkhNMHBMcnCfpj7wTB8liqyUki3kmpiMh1kQWoacB6l9r0FDVvOjwFG6C1KA+o
zJ5Rueafn/DzfDQ5Jdb9PdfSogoOyc1/jxxJ9dtWxun3ds/f+721SlUhE6qjoK3jDPW15w3cUD2C
5KqKk7C3cFF7i6zMggwLh7N+T+YxL/OGAw/L1nGJz6Ev/dlqFHoqGnuTiZxOxt4scKMg8Mfj1WQ6
9SfudO5G2FDIhyReYY87mA5cDFSppB6j93OchtlOi8+34u2X93/7cO1cvxOTgSdYEjGduJ44rxdN
xbcEvQnwIq7CuITsgkwUB0pcU/bzkKvHswnI55scxMeDyWCEr3+qFEr1fHy6ZvI+08T8w+fPtxjg
jx06jabnwMAvMFYuC4hZwk7mW7NDBrBNrooyVrTv7Lr5Eu+yNIrXghqdu+IuPbvdVOK9CoQ/Et4U
DdViNBF/hqq+641pwTYrwyV5CxkmKhfi+koYn9OkYebkWYFyMPeGPg3uNnGpnCTW5TKLIhqRaYos
FygnT+Qe62WwiRGqW5WWepmlTCmXu9Qhj6qArLb0JjRc2PzgBDIJqkTylNmxlU+Wnl76LrNJkmzn
REm83jSsDV2ZwiXJIa9ttqoH1rDgFp3bksmghkDUZswSQg4Mg6xovvPH3O4O4yiKIVy5X3pMjeFb
ZoWjVVnG6VovaZhzlEOYWu6yIgnbMa1U2FlC/evyp49vb2lIpXKVKOfXShV7y88OFQGZwghDvwc5
OlpQDpd/4n9gj6rMHC0fld1IuGricLDfJgQN8QnxR40wUFEVbGAGh4AZRBurzqdrhou43SitRK2Z
kIUS5UYJ+EjjhyxFQN4uxUqhGAZJFSrq6MQzWBpqN9kWeyMicUxVy0j1RYaZQhNRsSqUfBB7NCaW
mogjARfFUcw84J0C4En2hvRntWsIXqLtl/CQFrss/aEUMs+VREsFAyFUY4Ar2UMFwU0qa7/bqFRU
+bqQIQgMiKQBvCG4oA+B4CkUoI5BSJPIdF3hnCHoEMDms+HB7TTqn0zif7KBzeZ3VF+MPodbIcim
LHO9uLxU6WAXP8S5CmM5yIr1JX1dfkRs3WfR/YebL/eT4dzx72kfm7QhtRB3PZWu73qG2c8bRZYU
ZQap0ElCY4F0zdYuqUNBbMGKPM22ZXkVdaVQj12M9EtpbINGNGGnb5m0CZeWLZ+EeEZvqhJJEaFm
DmAkkskdOH5lWoW1cG8pcAVlDMgjbHoTj7EU/0m450UcAY6dW3DLbzbfbLBX8lEOJURYXsaB0hIT
lQY8Q5UDIKzn2+sPWFlustBYrZ1yIN4KwnVZXHHE1bSoEadMIABmYIVEXu2FRRhvsBHazHeNcvZz
DNNnKQAnw1AUShtckrhU2yGW1FXByVEAjStFtoEb1K+VTMhB6/gRax9lUilxbtkiXV8wecMT2UFR
Unbg4fVaFQthMqQ4+1xtV7A/Qu6t3qfBrdQPiIniAUE2MCu+wTGM3lpdWrcpMqRwQAXrdV9wAhM2
0QHQfRhkCwtqKtZsoJ1a0di2ShFdtMRSv2EwQS+EYJE9caWEKaAWB0LaiEcWrkX6EFEk0yKK2L6I
yx9gw7LgfaGiksEIPdotzqEFPC98YxvWxLHaLphWHdeU64u9jeq/JNkKptZZVAozAWxu45Ly2Fat
5WqPbnAgboxILgsRa3J5nRWg3y5mEdn8guqSoVR7xBx5oxgwQmpD3k+ZWIR8UvM0kIBaFQN6nUGj
jIKH7Mec1iyow8IthFsrI844p5dITjL8f6AGdYB/oARV339RCfQROcthE1wjl6WnBcKOaqgKW6mI
by2a5/qjVrprVcQZlzaKWk2M+cBQS9lEpgeGSE6hwSCvcRA1qo5JWwyyFMkPEQ1bUkY5ZWpjYrRY
CdcJyg1mmaFuqCBS28iv05jh84USD9VN3jR4voEMYfJXCLPmKqDyqtlQJLWxu9nbqALbqly3Kg9d
q7O+OCGWtcCwtcBaFivgw0E/n5gW0ETji5ZmwJFIdpewuxDvW5lWXM670qDhqYCTi36dR54BxSLF
5OUoqjPKtsXgQHwxFZS/gJZNViVhI0qMvLNLRSu+wbbIWXqoOnHdVltx9hPHzLPcyjgyNBrloiLb
1kna7LYrnG5GO/I0FLIOfQ6TF9B1tJua62BTpQ+69sJHjhJKrTxMciYZIhP6CdOG9zmsCzQ72ixy
qNOg7qmlZojVILCBNZ90pH6fmc3HrqXCQh2a2XpIx3CzC/+tduBCh8MHsF5bwqKmZkpTnV7hD0nS
/6kqyWedJhJgSkzVXckSpyNqgyT13ii2QKDNchy8plW2sya1rVRTf23yOusmxHqOkkexL4l6Xzhe
JwRMnWXWTlmLgwQ1ntTZqa3ufEihshqaFGqdbHZj0Eo2EH/FOQxmX6JHB9TfXX/rYy+kWCGP7eKw
3JiKYDNEw8BhBgsxbdqRtlXRbKLO4oF4GyIWNzKJLnEEMR1UqIBHywxsDU6ztBvMnX6gQ+2gT7t6
otClNkwmfZMYiLk96A8EYKU4DKjD+HadXtf9SXuioBaMNu1QRZholae5YwcO+0I+SKpVtV40Lc8b
4VGrY6sXdbm8oO5wNWfEjao7X9P9G9t5brdx1eJSl7KsgKXLdVDbG4ky1EcS1OfRo0OOqrtbUgbq
mYMeL7YIJBswGgJYt7QgtJscs2khtphcN8cfaEhxQa1jClwCy5zn5AEPpGQ6TJYdEWDl8rlEHNzW
r2efv9xeLQQndPwXVDgXpjgXMql4myfcXFshLfdGyA4C3h44M8DBB+nIas1A49oHeQhYJYHLd22N
oqxoSqBBGp3EacbWvSZdHE7UCbFu1m8owknZldSqw/Lco9vt57z6gi6vvZcmVBkMLmyUa9WVxbNe
Jup0KrR3KkIhsxme1HMY7/JpvD2mU/bgoxu1ciaHyGQn99rQt5SOMHZQGizE3m7pFrxTXbRtJGth
SBWiac44SPn0sRCj39tun5NYD0PnuLQJb+6foMDoS5U5Eq+UobhSEaUyvj+ilEeu6VA290qd/Fmn
zxv5iFpPjWdMdwD0/Jjle3vvYctd01dxlomkLtnSbKUmE0ZVwgszDTg7FNRxYGoUnyALumYAZEC4
Ntw/MjrCmQjSckso2tqUS5WrscQLLiITty76JJ+EPLZSbi6iVdii5dhDFspfZRhXurPVekdaSTms
6+0WnbQDjZNJbHSp51TmJr4bpUGipGHGV46HxdYo0p5TW10Gz5Wx6XQnY76G+LVSlbLetxRsyuAZ
R8ORCzH7P1LMs7xKGor2i6rfM+L0P8ezA6saBcx1psN402RjY+Qt3cDTfZMd95oUQ5eAC1F3oLXr
6cK9ytF/tY2pgTCnobrfsVRBb2p2W/bEYGwGdpLYNsN2VG5XMaKmXsY3tJTuzNXEok5xdJtCj1fC
jJsSb4FVY98eSDqJkyLDoVuv47GmeB2N55s8TqOsC51NRnhh5oPOxSi6s0beNEv3Wzq3cKxp+EF3
BKcjmV0g2gWsAHAqhVyvUfHsDUlzE0VNLb30PZzWzkhGJPUpyciSJhwsKJ5TAZrMikXtpiJ1bLfQ
bVl5PMsPbtXe0YUr3/mpJMupXvbxDZ3oWrNse0a0ThGafgVnoD6m1HzQsqbEV+RDRHmHkLCPOp3m
pkKfrEtTYuvEaukZD5oFNQ/9zFS73e6UoZIYBa/22tWTpPpff1JXBV5WoEUtmZ1E0NClwUL8Qj8d
lLo+3yL8vaZtMm/bJnWvsFmx+kBkzqr1uwAfQl+6E+cTPldUzd0MmWKLJieGyLbxOFDDcmYx7G9B
jwmUEmxpbLkuBL0pLPzX0/54/uT1h0/Dvv/aex2iQzDZ8bwslDLP7TNXrBEX2nyNxhf2/UA9lSol
E2l6nXuHath5w1oF6JY27d+FkQliRBbtgPmbOfaLgNnZjOK1buaiOAGu+S3O8/hBLCrzZnaDgDUv
gpiIqYFrpv6h7WOhz4+A6Dj3ednM3lx/ZJo+PaiFq6AhkgdFK9hXFdkDJ+ZffYA1V74cuu54NpnN
ZDCeucHKn82GwcjHH948Cl3luuF4OBavevQAp82TpSVHfyEAVgg7um73+teE3/vsLzEekKYOokQ4
9PTmu2N3iJ/MPhpOh0qOw3A8Hs6mE2/kTuTM9X05Ws3kcDoaebOVP3IVsy+zB5Wieljr0dNinJuH
Ud+8NJpXTp8Vx+8negeqfZJtacp1h57nzzF//f6LMdJgZF5frzfkUNrNVrzhdvq/Pn1suO3C8Kmh
16WN33Ty6giGkV0Rl52Rn5V8QEIxThrQKyma95YEWytuVtNHqYbmydYx8mlOArrdsjKvHM3AXvK7
F8zBNHJ7nWN18sgoOBzdh1mJJNKw2hrMWRp/o6L15ZrLKJZMyTzE/6cr0opPaUyPVPj+/b8Bc1qA
pw==
===END CRASH DUMP===
